localhost - - [18/Jun/2022:10:45:02 000] "GET /images/frog-icon.jpeg HTTP/1.1" 4043 309
localhost - - [18/Jun/2022:10:45:05 000] "GET /src/3wd.cf HTTP/1.1" 4043 309
localhost - - [18/Jun/2022:10:45:44 000] "GET /src/3wd.cf HTTP/1.1" 4043 309
localhost - - [18/Jun/2022:10:45:56 000] "GET /src/index.html HTTP/1.1" 4043 309
localhost - - [18/Jun/2022:10:45:58 000] "GET /src/index.html HTTP/1.1" 4043 309
localhost - - [18/Jun/2022:10:46:09 000] "GET /src/index.html HTTP/1.1" 4043 309
localhost - - [18/Jun/2022:10:46:14 000] "GET /images/frog-icon.jpeg HTTP/1.1" 4043 309
localhost - - [18/Jun/2022:10:47:31 000] "GET / HTTP/1.1" 304 0
localhost - - [18/Jun/2022:10:47:31 000] "GET /images/frog-icon.jpeg HTTP/1.1" 4043 309
localhost - - [18/Jun/2022:10:47:36 000] "GET /src/3wd.cf HTTP/1.1" 4043 309
localhost - - [18/Jun/2022:10:48:21 000] "GET /src/3wd.cf HTTP/1.1" 4043 309
localhost - - [18/Jun/2022:10:49:27 000] "GET /images/frog-icon.jpeg HTTP/1.1" 4043 309
localhost - - [18/Jun/2022:10:49:30 000] "GET / HTTP/1.1" 304 0
localhost - - [18/Jun/2022:10:49:30 000] "GET /images/frog-icon.jpeg HTTP/1.1" 4043 309
localhost - - [18/Jun/2022:10:51:25 000] "GET / HTTP/1.1" 304 0
localhost - - [18/Jun/2022:10:51:25 000] "GET /images/frog-icon.jpeg HTTP/1.1" 200 0
localhost - - [18/Jun/2022:10:51:31 000] "GET / HTTP/1.1" 304 0
localhost - - [18/Jun/2022:10:51:47 000] "GET /src/3wd.cf HTTP/1.1" 4043 309
localhost - - [18/Jun/2022:10:51:54 000] "GET /src/welcome.html HTTP/1.1" 200 0
localhost - - [18/Jun/2022:10:52:03 000] "GET /1.1/page1.html HTTP/1.1" 4043 309
localhost - - [18/Jun/2022:10:52:43 000] "GET /1.1/page1.html HTTP/1.1" 200 0
localhost - - [18/Jun/2022:10:52:43 000] "GET /images/os2warpwave.gif HTTP/1.1" 4043 309
localhost - - [18/Jun/2022:10:52:43 000] "GET /images/dilbert1.gif HTTP/1.1" 4043 309
localhost - - [18/Jun/2022:10:52:43 000] "GET /images/yellow.gif HTTP/1.1" 4043 309
localhost - - [18/Jun/2022:10:54:02 000] "GET /1.1/page1.html HTTP/1.1" 304 0
localhost - - [18/Jun/2022:10:54:02 000] "GET /images/os2warpwave.gif HTTP/1.1" 200 0
localhost - - [18/Jun/2022:10:54:02 000] "GET /images/dilbert1.gif HTTP/1.1" 200 0
localhost - - [18/Jun/2022:10:54:02 000] "GET /images/yellow.gif HTTP/1.1" 4043 309
localhost - - [18/Jun/2022:10:54:14 000] "GET / HTTP/1.1" 200 0
localhost - - [18/Jun/2022:10:54:14 000] "GET /images/frog-icon.jpeg HTTP/1.1" 304 0
localhost - - [18/Jun/2022:10:54:19 000] "GET /images/os2warpwave.gif HTTP/1.1" 304 0
localhost - - [18/Jun/2022:10:54:19 000] "GET /images/yellow.gif HTTP/1.1" 4043 309
localhost - - [18/Jun/2022:10:54:19 000] "GET /images/dilbert1.gif HTTP/1.1" 304 0
localhost - - [18/Jun/2022:10:55:04 000] "GET /images/frog-icon.jpeg HTTP/1.1" 304 0
localhost - - [18/Jun/2022:10:55:13 000] "GET /images/dilbert1.gif HTTP/1.1" 304 0
localhost - - [18/Jun/2022:10:55:13 000] "GET /images/os2warpwave.gif HTTP/1.1" 304 0
localhost - - [18/Jun/2022:10:55:13 000] "GET /images/yellow.gif HTTP/1.1" 4043 309
localhost - - [18/Jun/2022:11:08:45 000] "delete /index.html HTTP/1.1" 501 320
localhost - - [18/Jun/2022:11:08:56 000] "GET /index.html HTTP/1.1" 4043 309
